
cc@llk-adnn:~/Depth-nested_Cifar/logs$ cat accuracy_file.txt
[0.7346 0.7354 0.7346 0.7476]	2021-07-22 18:35:11.461033
[0.7648 0.7672 0.7706 0.7798]	2021-07-22 19:11:02.693852
[0.7954 0.7986 0.802  0.8084]	2021-07-22 19:46:44.007482
[0.7792 0.7826 0.7838 0.782 ]	2021-07-22 20:22:29.464120
[0.75   0.7562 0.7586 0.7684]	2021-07-22 20:58:16.935237
[0.8084 0.814  0.8166 0.822 ]	2021-07-22 21:33:56.346196
[0.802  0.8026 0.8054 0.8136]	2021-07-22 22:09:35.536979
[0.8002 0.8006 0.799  0.8054]	2021-07-22 22:45:17.490828
[0.8178 0.8192 0.8242 0.8338]	2021-07-22 23:21:03.715916
[0.824  0.8282 0.8312 0.8372]	2021-07-22 23:56:54.135444
[0.8276 0.8298 0.8264 0.8314]	2021-07-23 00:32:39.722098
[0.8018 0.8086 0.8078 0.8112]	2021-07-23 01:08:26.086000
[0.7572 0.7566 0.7652 0.775 ]	2021-07-23 01:44:14.605617
[0.8182 0.818  0.8238 0.8322]	2021-07-23 02:20:00.607707
[0.826  0.8308 0.8292 0.8372]	2021-07-23 02:55:45.660012
[0.8124 0.8152 0.826  0.8372]	2021-07-23 03:31:32.207820
[0.836  0.8378 0.8452 0.8474]	2021-07-23 04:07:19.446629
[0.8282 0.8286 0.8268 0.8328]	2021-07-23 04:43:06.082234
[0.7992 0.8016 0.8134 0.8194]	2021-07-23 05:18:53.520059
[0.8298 0.8344 0.8362 0.8452]	2021-07-23 05:54:39.545376
[0.8212 0.826  0.8306 0.8386]	2021-07-23 06:30:22.481013
[0.8158 0.82   0.8254 0.8296]	2021-07-23 07:06:08.870545
[0.8288 0.8304 0.8352 0.8446]	2021-07-23 07:41:57.311035
[0.8236 0.827  0.83   0.8372]	2021-07-23 08:17:43.594661
[0.8156 0.8202 0.8232 0.8302]	2021-07-23 08:53:31.562454
[0.7706 0.7768 0.7872 0.8002]	2021-07-23 09:29:20.100509
[0.8086 0.8122 0.8148 0.8258]	2021-07-23 10:05:05.226517
[0.8072 0.8038 0.8092 0.8154]	2021-07-23 10:40:56.602304
[0.8352 0.8426 0.841  0.8484]	2021-07-23 11:16:43.054507
[0.8918 0.8928 0.8964 0.9006]	2021-07-23 11:52:31.079997
[0.893  0.8946 0.8994 0.9026]	2021-07-23 12:28:16.744921
[0.8876 0.8884 0.8928 0.8976]	2021-07-23 13:04:04.407644
[0.8876 0.8922 0.8944 0.898 ]	2021-07-23 13:39:51.149935
[0.8884 0.8916 0.8962 0.9002]	2021-07-23 14:15:36.729917
[0.8842 0.8856 0.8848 0.8928]	2021-07-23 14:51:22.249658
[0.8794 0.8798 0.8834 0.884 ]	2021-07-23 15:27:07.539622
[0.8782 0.8806 0.8812 0.8906]	2021-07-23 16:02:53.271669
[0.8774 0.8796 0.8826 0.8894]	2021-07-23 16:38:42.278387
[0.8746 0.8758 0.876  0.8822]	2021-07-23 17:14:29.130423
[0.8818 0.886  0.8864 0.8904]	2021-07-23 17:50:17.689014
[0.8798 0.8812 0.8852 0.8918]	2021-07-23 18:26:07.437490
[0.87   0.8738 0.8724 0.8764]	2021-07-23 19:01:55.409430
[0.8792 0.878  0.8798 0.8848]	2021-07-23 19:37:40.884857
[0.8836 0.887  0.8908 0.8922]	2021-07-23 20:13:30.795155
[0.8782 0.8804 0.882  0.888 ]	2021-07-23 20:49:16.408360
[0.8752 0.8776 0.8818 0.8836]	2021-07-23 21:25:04.117241
[0.8708 0.8724 0.877  0.8828]	2021-07-23 22:00:50.691361
[0.8838 0.8844 0.8866 0.8916]	2021-07-23 22:36:39.889976
[0.8694 0.8748 0.8752 0.8784]	2021-07-23 23:12:32.750668
[0.8816 0.8848 0.888  0.8912]	2021-07-23 23:48:21.015840
[0.8746 0.8782 0.8792 0.8866]	2021-07-24 00:24:06.655484
[0.878  0.8798 0.8816 0.8902]	2021-07-24 00:59:55.579217
[0.879  0.8808 0.8838 0.8864]	2021-07-24 01:35:45.278365
[0.8756 0.8784 0.8812 0.887 ]	2021-07-24 02:11:35.029462
[0.879  0.8854 0.8834 0.8876]	2021-07-24 02:47:27.279535
[0.8848 0.886  0.89   0.8952]	2021-07-24 03:23:16.258182
[0.8826 0.885  0.888  0.888 ]	2021-07-24 03:59:03.348962
[0.8842 0.8882 0.889  0.8934]	2021-07-24 04:34:51.423209
[0.879  0.8798 0.8838 0.8886]	2021-07-24 05:10:40.873661
[0.9082 0.9116 0.9128 0.9168]	2021-07-24 05:46:29.429184
[0.9104 0.9124 0.9146 0.9186]	2021-07-24 06:22:21.215468
[0.9086 0.9116 0.9152 0.9204]	2021-07-24 06:58:10.568510
[0.9118 0.9132 0.9148 0.9182]	2021-07-24 07:33:58.920292
[0.9142 0.9154 0.9194 0.922 ]	2021-07-24 08:09:50.328190
[0.9106 0.9142 0.9172 0.9198]	2021-07-24 08:45:39.096091
[0.914  0.913  0.9166 0.9186]	2021-07-24 09:21:25.313878
[0.9146 0.915  0.9202 0.922 ]	2021-07-24 09:57:11.238304
[0.9126 0.9132 0.9154 0.919 ]	2021-07-24 10:32:58.968433
[0.918  0.9164 0.9182 0.9216]	2021-07-24 11:08:46.156282
[0.9166 0.916  0.9184 0.9208]	2021-07-24 11:44:33.294380
[0.9166 0.916  0.92   0.9224]	2021-07-24 12:20:19.935856
[0.9154 0.9142 0.9174 0.9202]	2021-07-24 12:56:07.971080
[0.916  0.917  0.9196 0.922 ]	2021-07-24 13:31:52.372681
[0.9132 0.9136 0.9156 0.9206]	2021-07-24 14:07:38.523259
[0.914  0.9158 0.9186 0.9212]	2021-07-24 14:43:22.758907
[0.9164 0.918  0.9188 0.9218]	2021-07-24 15:19:07.298925
[0.9124 0.916  0.9142 0.9172]	2021-07-24 15:54:51.013411
[0.915  0.914  0.9176 0.9208]	2021-07-24 16:30:37.781556
[0.9106 0.9114 0.9132 0.9164]	2021-07-24 17:06:24.558410
[0.9186 0.9198 0.9214 0.9238]	2021-07-24 17:42:07.082439
[0.9172 0.9198 0.9212 0.9238]	2021-07-24 18:17:49.396894
[0.917  0.9192 0.9212 0.9248]	2021-07-24 18:53:36.948403
[0.9208 0.9208 0.922  0.9262]	2021-07-24 19:29:22.547388
[0.9202 0.9208 0.9214 0.925 ]	2021-07-24 20:05:12.201354
[0.9198 0.9196 0.922  0.9254]	2021-07-24 20:41:02.818973
[0.9178 0.9194 0.9212 0.925 ]	2021-07-24 21:16:45.588416
[0.9202 0.9228 0.9216 0.9252]	2021-07-24 21:52:32.883642
[0.9204 0.9228 0.9248 0.9282]	2021-07-24 22:28:18.988588
[0.9196 0.9218 0.9202 0.9272]	2021-07-24 23:04:05.014403
[0.9218 0.921  0.9218 0.9246]	2021-07-24 23:39:45.734745
[0.9198 0.9202 0.9224 0.927 ]	2021-07-25 00:15:25.097115
[0.9202 0.9228 0.9234 0.927 ]	2021-07-25 00:51:04.883355
[0.9194 0.9196 0.9208 0.9268]	2021-07-25 01:26:47.986331
[0.9202 0.9202 0.9232 0.9268]	2021-07-25 02:02:32.266253
[0.9194 0.9196 0.923  0.9252]	2021-07-25 02:38:15.895428
[0.921  0.9198 0.9228 0.9246]	2021-07-25 03:14:03.724366
[0.9198 0.9192 0.9212 0.9254]	2021-07-25 03:49:51.057440
[0.9236 0.9212 0.9222 0.9254]	2021-07-25 04:25:38.120673
[0.9204 0.921  0.922  0.9258]	2021-07-25 05:01:25.607432
[0.9214 0.923  0.9228 0.9264]	2021-07-25 05:37:12.879996
[0.9196 0.919  0.921  0.9242]	2021-07-25 06:13:04.557103
[0.9214 0.921  0.9224 0.9252]	2021-07-25 06:48:52.605365
[0.9212 0.9224 0.9234 0.9262]	2021-07-25 07:24:45.899231
[0.9222 0.921  0.925  0.9258]	2021-07-25 08:00:33.309144
[0.921  0.9224 0.9228 0.927 ]	2021-07-25 08:36:20.406498
[0.9218 0.9212 0.9224 0.9242]	2021-07-25 09:12:10.426448
[0.9226 0.9222 0.9238 0.926 ]	2021-07-25 09:48:00.562452
[0.9212 0.9214 0.9218 0.9236]	2021-07-25 10:23:46.675334
[0.9222 0.9216 0.9242 0.9252]	2021-07-25 10:59:39.710770
[0.9216 0.922  0.9246 0.9262]	2021-07-25 11:35:26.649197
[0.9216 0.9216 0.9236 0.926 ]	2021-07-25 12:11:13.343160
[0.9216 0.9214 0.9238 0.9264]	2021-07-25 12:46:59.286959
[0.9218 0.924  0.9248 0.9258]	2021-07-25 13:22:45.566685
[0.922  0.9216 0.924  0.9266]	2021-07-25 13:58:35.691326
[0.9224 0.9224 0.9246 0.9266]	2021-07-25 14:34:24.435437
[0.9212 0.9232 0.9222 0.9244]	2021-07-25 15:10:12.792288
[0.9214 0.9226 0.9242 0.9268]	2021-07-25 15:46:02.082347
[0.9226 0.9232 0.925  0.9268]	2021-07-25 16:21:49.456303
[0.922  0.923  0.9254 0.9272]	2021-07-25 16:57:40.642224
[0.9226 0.9236 0.9238 0.9276]	2021-07-25 17:33:29.092572
[0.9218 0.9226 0.923  0.9248]	2021-07-25 18:09:18.375600
[0.9224 0.923  0.9234 0.9256]	2021-07-25 18:45:04.076672
[0.924  0.9244 0.926  0.9276]	2021-07-25 19:20:51.145743
[0.9222 0.9232 0.9244 0.9266]	2021-07-25 19:56:38.820698
[0.923  0.9236 0.9242 0.9256]	2021-07-25 20:32:28.022801
[0.922  0.9242 0.924  0.9266]	2021-07-25 21:08:15.378838
[0.9224 0.923  0.9234 0.9252]	2021-07-25 21:44:01.278974
[0.9224 0.923  0.9234 0.9238]	2021-07-25 22:19:50.257083
[0.9238 0.9228 0.9234 0.9254]	2021-07-25 22:55:35.588550
[0.9246 0.9226 0.9236 0.9264]	2021-07-25 23:31:22.930461
[0.9216 0.924  0.9242 0.9266]	2021-07-26 00:07:08.817424
[0.9232 0.9236 0.9234 0.9272]	2021-07-26 00:42:54.963859
[0.924  0.9238 0.9246 0.9266]	2021-07-26 01:18:41.029725
[0.9226 0.9236 0.9248 0.9274]	2021-07-26 01:54:28.557723
[0.9236 0.9262 0.9264 0.9288]	2021-07-26 02:30:14.168389
[0.9238 0.924  0.9266 0.9282]	2021-07-26 03:06:02.028591
[0.9232 0.923  0.9236 0.9266]	2021-07-26 03:41:49.483844
[0.9216 0.9232 0.9244 0.9276]	2021-07-26 04:17:35.537789
[0.9236 0.9238 0.9252 0.9256]	2021-07-26 04:53:20.740170
[0.9232 0.924  0.9246 0.9252]	2021-07-26 05:29:06.801181
[0.9208 0.9198 0.922  0.9236]	2021-07-26 06:04:52.836118
[0.923  0.9228 0.9238 0.925 ]	2021-07-26 06:40:40.053893
[0.9208 0.922  0.9244 0.927 ]	2021-07-26 07:16:30.913862
[0.9244 0.9254 0.9258 0.9266]	2021-07-26 07:52:17.382244
[0.9232 0.9224 0.9238 0.9252]	2021-07-26 08:28:06.498579
[0.9246 0.9234 0.9262 0.9286]	2021-07-26 09:03:53.592242
[0.921  0.9236 0.9236 0.9252]	2021-07-26 09:39:41.225958
[0.9242 0.927  0.928  0.929 ]	2021-07-26 10:15:34.747687
[0.923  0.9232 0.925  0.9278]	2021-07-26 10:51:23.321227
[0.9234 0.9222 0.923  0.925 ]	2021-07-26 11:27:11.473530
[0.9236 0.922  0.9236 0.9266]	2021-07-26 12:02:58.465412
[0.9228 0.9228 0.9244 0.9256]	2021-07-26 12:38:44.791161
[0.9244 0.923  0.925  0.927 ]	2021-07-26 13:14:30.334027
[0.9246 0.9242 0.9256 0.9272]	2021-07-26 13:50:15.268173
[0.923  0.9226 0.9244 0.926 ]	2021-07-26 14:26:00.768355
[0.922  0.9208 0.923  0.925 ]	2021-07-26 15:01:47.873295